{"C:\\Users\\DreamNight\\Documents\\01My\\github-audit\\repos\\ai-companion\\src\\adapters\\onebot.ts": {"path":"C:\\Users\\DreamNight\\Documents\\01My\\github-audit\\repos\\ai-companion\\src\\adapters\\onebot.ts","statementMap":{"0":{"start":{"line":62,"column":2},"end":{"line":73,"column":null}},"1":{"start":{"line":64,"column":6},"end":{"line":64,"column":null}},"2":{"start":{"line":64,"column":31},"end":{"line":64,"column":null}},"3":{"start":{"line":65,"column":6},"end":{"line":65,"column":null}},"4":{"start":{"line":65,"column":32},"end":{"line":65,"column":null}},"5":{"start":{"line":66,"column":6},"end":{"line":66,"column":null}},"6":{"start":{"line":66,"column":31},"end":{"line":66,"column":null}},"7":{"start":{"line":67,"column":6},"end":{"line":67,"column":null}},"8":{"start":{"line":67,"column":33},"end":{"line":67,"column":null}},"9":{"start":{"line":68,"column":6},"end":{"line":68,"column":null}},"10":{"start":{"line":68,"column":32},"end":{"line":68,"column":null}},"11":{"start":{"line":69,"column":6},"end":{"line":69,"column":null}},"12":{"start":{"line":69,"column":29},"end":{"line":69,"column":null}},"13":{"start":{"line":70,"column":6},"end":{"line":70,"column":null}},"14":{"start":{"line":82,"column":29},"end":{"line":82,"column":null}},"15":{"start":{"line":83,"column":61},"end":{"line":83,"column":null}},"16":{"start":{"line":84,"column":57},"end":{"line":84,"column":null}},"17":{"start":{"line":85,"column":16},"end":{"line":85,"column":null}},"18":{"start":{"line":86,"column":20},"end":{"line":86,"column":null}},"19":{"start":{"line":87,"column":19},"end":{"line":87,"column":null}},"20":{"start":{"line":88,"column":26},"end":{"line":88,"column":null}},"21":{"start":{"line":89,"column":22},"end":{"line":89,"column":null}},"22":{"start":{"line":92,"column":17},"end":{"line":92,"column":null}},"23":{"start":{"line":93,"column":19},"end":{"line":93,"column":null}},"24":{"start":{"line":94,"column":4},"end":{"line":94,"column":null}},"25":{"start":{"line":97,"column":58},"end":{"line":97,"column":null}},"26":{"start":{"line":100,"column":4},"end":{"line":100,"column":null}},"27":{"start":{"line":101,"column":4},"end":{"line":111,"column":null}},"28":{"start":{"line":102,"column":6},"end":{"line":110,"column":null}},"29":{"start":{"line":103,"column":8},"end":{"line":109,"column":null}},"30":{"start":{"line":104,"column":10},"end":{"line":104,"column":null}},"31":{"start":{"line":105,"column":10},"end":{"line":108,"column":null}},"32":{"start":{"line":106,"column":12},"end":{"line":106,"column":null}},"33":{"start":{"line":107,"column":12},"end":{"line":107,"column":null}},"34":{"start":{"line":115,"column":4},"end":{"line":115,"column":null}},"35":{"start":{"line":115,"column":21},"end":{"line":115,"column":47}},"36":{"start":{"line":115,"column":47},"end":{"line":115,"column":65}},"37":{"start":{"line":116,"column":4},"end":{"line":116,"column":null}},"38":{"start":{"line":116,"column":23},"end":{"line":116,"column":50}},"39":{"start":{"line":116,"column":50},"end":{"line":116,"column":70}},"40":{"start":{"line":120,"column":4},"end":{"line":120,"column":null}},"41":{"start":{"line":120,"column":18},"end":{"line":120,"column":null}},"42":{"start":{"line":122,"column":4},"end":{"line":122,"column":null}},"43":{"start":{"line":124,"column":4},"end":{"line":128,"column":null}},"44":{"start":{"line":130,"column":4},"end":{"line":134,"column":null}},"45":{"start":{"line":131,"column":6},"end":{"line":131,"column":null}},"46":{"start":{"line":132,"column":6},"end":{"line":132,"column":null}},"47":{"start":{"line":133,"column":6},"end":{"line":133,"column":null}},"48":{"start":{"line":136,"column":4},"end":{"line":153,"column":null}},"49":{"start":{"line":137,"column":6},"end":{"line":152,"column":null}},"50":{"start":{"line":138,"column":21},"end":{"line":138,"column":null}},"51":{"start":{"line":141,"column":8},"end":{"line":144,"column":null}},"52":{"start":{"line":142,"column":10},"end":{"line":142,"column":null}},"53":{"start":{"line":143,"column":10},"end":{"line":143,"column":null}},"54":{"start":{"line":147,"column":8},"end":{"line":149,"column":null}},"55":{"start":{"line":148,"column":10},"end":{"line":148,"column":null}},"56":{"start":{"line":151,"column":8},"end":{"line":151,"column":null}},"57":{"start":{"line":155,"column":4},"end":{"line":164,"column":null}},"58":{"start":{"line":156,"column":6},"end":{"line":156,"column":null}},"59":{"start":{"line":157,"column":6},"end":{"line":157,"column":null}},"60":{"start":{"line":158,"column":6},"end":{"line":163,"column":null}},"61":{"start":{"line":159,"column":8},"end":{"line":159,"column":null}},"62":{"start":{"line":160,"column":22},"end":{"line":160,"column":null}},"63":{"start":{"line":161,"column":8},"end":{"line":161,"column":null}},"64":{"start":{"line":162,"column":8},"end":{"line":162,"column":null}},"65":{"start":{"line":166,"column":4},"end":{"line":168,"column":null}},"66":{"start":{"line":167,"column":6},"end":{"line":167,"column":null}},"67":{"start":{"line":169,"column":4},"end":{"line":172,"column":null}},"68":{"start":{"line":170,"column":6},"end":{"line":170,"column":null}},"69":{"start":{"line":170,"column":25},"end":{"line":170,"column":52}},"70":{"start":{"line":170,"column":52},"end":{"line":170,"column":72}},"71":{"start":{"line":171,"column":6},"end":{"line":171,"column":null}},"72":{"start":{"line":177,"column":4},"end":{"line":177,"column":null}},"73":{"start":{"line":177,"column":39},"end":{"line":177,"column":null}},"74":{"start":{"line":180,"column":4},"end":{"line":180,"column":null}},"75":{"start":{"line":180,"column":49},"end":{"line":180,"column":null}},"76":{"start":{"line":182,"column":17},"end":{"line":182,"column":null}},"77":{"start":{"line":183,"column":4},"end":{"line":183,"column":null}},"78":{"start":{"line":183,"column":15},"end":{"line":183,"column":null}},"79":{"start":{"line":185,"column":27},"end":{"line":191,"column":null}},"80":{"start":{"line":193,"column":4},"end":{"line":195,"column":null}},"81":{"start":{"line":197,"column":4},"end":{"line":219,"column":null}},"82":{"start":{"line":198,"column":22},"end":{"line":198,"column":null}},"83":{"start":{"line":200,"column":6},"end":{"line":200,"column":null}},"84":{"start":{"line":200,"column":32},"end":{"line":200,"column":null}},"85":{"start":{"line":203,"column":22},"end":{"line":203,"column":null}},"86":{"start":{"line":204,"column":23},"end":{"line":204,"column":null}},"87":{"start":{"line":206,"column":6},"end":{"line":214,"column":null}},"88":{"start":{"line":206,"column":19},"end":{"line":206,"column":22}},"89":{"start":{"line":207,"column":8},"end":{"line":207,"column":null}},"90":{"start":{"line":207,"column":25},"end":{"line":207,"column":null}},"91":{"start":{"line":208,"column":8},"end":{"line":212,"column":null}},"92":{"start":{"line":210,"column":24},"end":{"line":210,"column":null}},"93":{"start":{"line":211,"column":10},"end":{"line":211,"column":null}},"94":{"start":{"line":213,"column":8},"end":{"line":213,"column":null}},"95":{"start":{"line":216,"column":6},"end":{"line":216,"column":null}},"96":{"start":{"line":217,"column":24},"end":{"line":217,"column":null}},"97":{"start":{"line":218,"column":6},"end":{"line":218,"column":null}},"98":{"start":{"line":223,"column":4},"end":{"line":226,"column":null}},"99":{"start":{"line":224,"column":6},"end":{"line":224,"column":null}},"100":{"start":{"line":225,"column":6},"end":{"line":225,"column":null}},"101":{"start":{"line":228,"column":17},"end":{"line":228,"column":null}},"102":{"start":{"line":229,"column":4},"end":{"line":235,"column":null}},"103":{"start":{"line":239,"column":4},"end":{"line":242,"column":null}},"104":{"start":{"line":243,"column":4},"end":{"line":243,"column":null}},"105":{"start":{"line":247,"column":4},"end":{"line":250,"column":null}},"106":{"start":{"line":251,"column":4},"end":{"line":251,"column":null}},"107":{"start":{"line":255,"column":2},"end":{"line":255,"column":null}},"108":{"start":{"line":257,"column":2},"end":{"line":268,"column":null}},"109":{"start":{"line":259,"column":6},"end":{"line":259,"column":null}},"110":{"start":{"line":260,"column":6},"end":{"line":260,"column":null}},"111":{"start":{"line":260,"column":26},"end":{"line":260,"column":null}},"112":{"start":{"line":261,"column":6},"end":{"line":261,"column":null}},"113":{"start":{"line":262,"column":6},"end":{"line":265,"column":null}},"114":{"start":{"line":263,"column":8},"end":{"line":263,"column":null}},"115":{"start":{"line":264,"column":8},"end":{"line":264,"column":null}},"116":{"start":{"line":266,"column":6},"end":{"line":266,"column":null}}},"fnMap":{"0":{"name":"extractText","decl":{"start":{"line":61,"column":16},"end":{"line":61,"column":28}},"loc":{"start":{"line":61,"column":60},"end":{"line":74,"column":null}},"line":61},"1":{"name":"(anonymous_1)","decl":{"start":{"line":63,"column":9},"end":{"line":63,"column":10}},"loc":{"start":{"line":63,"column":18},"end":{"line":71,"column":5}},"line":63},"2":{"name":"startOneBot","decl":{"start":{"line":78,"column":16},"end":{"line":78,"column":null}},"loc":{"start":{"line":81,"column":24},"end":{"line":269,"column":null}},"line":81},"3":{"name":"backoffDelay","decl":{"start":{"line":91,"column":11},"end":{"line":91,"column":34}},"loc":{"start":{"line":91,"column":34},"end":{"line":95,"column":null}},"line":91},"4":{"name":"startPing","decl":{"start":{"line":99,"column":11},"end":{"line":99,"column":23}},"loc":{"start":{"line":99,"column":23},"end":{"line":112,"column":null}},"line":99},"5":{"name":"(anonymous_5)","decl":{"start":{"line":101,"column":28},"end":{"line":101,"column":34}},"loc":{"start":{"line":101,"column":34},"end":{"line":111,"column":7}},"line":101},"6":{"name":"(anonymous_6)","decl":{"start":{"line":105,"column":35},"end":{"line":105,"column":41}},"loc":{"start":{"line":105,"column":41},"end":{"line":108,"column":13}},"line":105},"7":{"name":"stopPing","decl":{"start":{"line":114,"column":11},"end":{"line":114,"column":22}},"loc":{"start":{"line":114,"column":22},"end":{"line":117,"column":null}},"line":114},"8":{"name":"connect","decl":{"start":{"line":119,"column":11},"end":{"line":119,"column":21}},"loc":{"start":{"line":119,"column":21},"end":{"line":173,"column":null}},"line":119},"9":{"name":"(anonymous_9)","decl":{"start":{"line":130,"column":18},"end":{"line":130,"column":24}},"loc":{"start":{"line":130,"column":24},"end":{"line":134,"column":5}},"line":130},"10":{"name":"(anonymous_10)","decl":{"start":{"line":136,"column":21},"end":{"line":136,"column":28}},"loc":{"start":{"line":136,"column":36},"end":{"line":153,"column":5}},"line":136},"11":{"name":"(anonymous_11)","decl":{"start":{"line":155,"column":19},"end":{"line":155,"column":20}},"loc":{"start":{"line":155,"column":29},"end":{"line":164,"column":5}},"line":155},"12":{"name":"(anonymous_12)","decl":{"start":{"line":166,"column":19},"end":{"line":166,"column":20}},"loc":{"start":{"line":166,"column":28},"end":{"line":168,"column":5}},"line":166},"13":{"name":"(anonymous_13)","decl":{"start":{"line":169,"column":18},"end":{"line":169,"column":24}},"loc":{"start":{"line":169,"column":24},"end":{"line":172,"column":5}},"line":169},"14":{"name":"handleMessage","decl":{"start":{"line":175,"column":17},"end":{"line":175,"column":31}},"loc":{"start":{"line":175,"column":51},"end":{"line":220,"column":null}},"line":175},"15":{"name":"send","decl":{"start":{"line":222,"column":11},"end":{"line":222,"column":16}},"loc":{"start":{"line":222,"column":65},"end":{"line":236,"column":null}},"line":222},"16":{"name":"sendPrivateMsg","decl":{"start":{"line":238,"column":11},"end":{"line":238,"column":26}},"loc":{"start":{"line":238,"column":59},"end":{"line":244,"column":null}},"line":238},"17":{"name":"sendGroupMsg","decl":{"start":{"line":246,"column":11},"end":{"line":246,"column":24}},"loc":{"start":{"line":246,"column":58},"end":{"line":252,"column":null}},"line":246},"18":{"name":"(anonymous_18)","decl":{"start":{"line":258,"column":10},"end":{"line":258,"column":16}},"loc":{"start":{"line":258,"column":16},"end":{"line":267,"column":null}},"line":258}},"branchMap":{"0":{"loc":{"start":{"line":64,"column":6},"end":{"line":64,"column":null}},"type":"if","locations":[{"start":{"line":64,"column":6},"end":{"line":64,"column":null}},{"start":{},"end":{}}],"line":64},"1":{"loc":{"start":{"line":64,"column":38},"end":{"line":64,"column":null}},"type":"binary-expr","locations":[{"start":{"line":64,"column":38},"end":{"line":64,"column":55}},{"start":{"line":64,"column":55},"end":{"line":64,"column":null}}],"line":64},"2":{"loc":{"start":{"line":65,"column":6},"end":{"line":65,"column":null}},"type":"if","locations":[{"start":{"line":65,"column":6},"end":{"line":65,"column":null}},{"start":{},"end":{}}],"line":65},"3":{"loc":{"start":{"line":66,"column":6},"end":{"line":66,"column":null}},"type":"if","locations":[{"start":{"line":66,"column":6},"end":{"line":66,"column":null}},{"start":{},"end":{}}],"line":66},"4":{"loc":{"start":{"line":67,"column":6},"end":{"line":67,"column":null}},"type":"if","locations":[{"start":{"line":67,"column":6},"end":{"line":67,"column":null}},{"start":{},"end":{}}],"line":67},"5":{"loc":{"start":{"line":68,"column":6},"end":{"line":68,"column":null}},"type":"if","locations":[{"start":{"line":68,"column":6},"end":{"line":68,"column":null}},{"start":{},"end":{}}],"line":68},"6":{"loc":{"start":{"line":69,"column":6},"end":{"line":69,"column":null}},"type":"if","locations":[{"start":{"line":69,"column":6},"end":{"line":69,"column":null}},{"start":{},"end":{}}],"line":69},"7":{"loc":{"start":{"line":69,"column":40},"end":{"line":69,"column":57}},"type":"binary-expr","locations":[{"start":{"line":69,"column":40},"end":{"line":69,"column":55}},{"start":{"line":69,"column":55},"end":{"line":69,"column":57}}],"line":69},"8":{"loc":{"start":{"line":102,"column":6},"end":{"line":110,"column":null}},"type":"if","locations":[{"start":{"line":102,"column":6},"end":{"line":110,"column":null}},{"start":{},"end":{}}],"line":102},"9":{"loc":{"start":{"line":115,"column":4},"end":{"line":115,"column":null}},"type":"if","locations":[{"start":{"line":115,"column":4},"end":{"line":115,"column":null}},{"start":{},"end":{}}],"line":115},"10":{"loc":{"start":{"line":116,"column":4},"end":{"line":116,"column":null}},"type":"if","locations":[{"start":{"line":116,"column":4},"end":{"line":116,"column":null}},{"start":{},"end":{}}],"line":116},"11":{"loc":{"start":{"line":120,"column":4},"end":{"line":120,"column":null}},"type":"if","locations":[{"start":{"line":120,"column":4},"end":{"line":120,"column":null}},{"start":{},"end":{}}],"line":120},"12":{"loc":{"start":{"line":141,"column":8},"end":{"line":144,"column":null}},"type":"if","locations":[{"start":{"line":141,"column":8},"end":{"line":144,"column":null}},{"start":{},"end":{}}],"line":141},"13":{"loc":{"start":{"line":147,"column":8},"end":{"line":149,"column":null}},"type":"if","locations":[{"start":{"line":147,"column":8},"end":{"line":149,"column":null}},{"start":{},"end":{}}],"line":147},"14":{"loc":{"start":{"line":147,"column":12},"end":{"line":147,"column":65}},"type":"binary-expr","locations":[{"start":{"line":147,"column":12},"end":{"line":147,"column":35}},{"start":{"line":147,"column":35},"end":{"line":147,"column":65}}],"line":147},"15":{"loc":{"start":{"line":158,"column":6},"end":{"line":163,"column":null}},"type":"if","locations":[{"start":{"line":158,"column":6},"end":{"line":163,"column":null}},{"start":{},"end":{}}],"line":158},"16":{"loc":{"start":{"line":170,"column":6},"end":{"line":170,"column":null}},"type":"if","locations":[{"start":{"line":170,"column":6},"end":{"line":170,"column":null}},{"start":{},"end":{}}],"line":170},"17":{"loc":{"start":{"line":177,"column":4},"end":{"line":177,"column":null}},"type":"if","locations":[{"start":{"line":177,"column":4},"end":{"line":177,"column":null}},{"start":{},"end":{}}],"line":177},"18":{"loc":{"start":{"line":180,"column":4},"end":{"line":180,"column":null}},"type":"if","locations":[{"start":{"line":180,"column":4},"end":{"line":180,"column":null}},{"start":{},"end":{}}],"line":180},"19":{"loc":{"start":{"line":183,"column":4},"end":{"line":183,"column":null}},"type":"if","locations":[{"start":{"line":183,"column":4},"end":{"line":183,"column":null}},{"start":{},"end":{}}],"line":183},"20":{"loc":{"start":{"line":186,"column":21},"end":{"line":186,"column":65}},"type":"binary-expr","locations":[{"start":{"line":186,"column":21},"end":{"line":186,"column":46}},{"start":{"line":186,"column":46},"end":{"line":186,"column":63}},{"start":{"line":186,"column":63},"end":{"line":186,"column":65}}],"line":186},"21":{"loc":{"start":{"line":187,"column":15},"end":{"line":187,"column":null}},"type":"cond-expr","locations":[{"start":{"line":187,"column":32},"end":{"line":187,"column":57}},{"start":{"line":187,"column":57},"end":{"line":187,"column":null}}],"line":187},"22":{"loc":{"start":{"line":189,"column":18},"end":{"line":189,"column":null}},"type":"binary-expr","locations":[{"start":{"line":189,"column":18},"end":{"line":189,"column":44}},{"start":{"line":189,"column":44},"end":{"line":189,"column":66}},{"start":{"line":189,"column":66},"end":{"line":189,"column":null}}],"line":189},"23":{"loc":{"start":{"line":194,"column":12},"end":{"line":194,"column":37}},"type":"cond-expr","locations":[{"start":{"line":194,"column":26},"end":{"line":194,"column":33}},{"start":{"line":194,"column":33},"end":{"line":194,"column":37}}],"line":194},"24":{"loc":{"start":{"line":200,"column":6},"end":{"line":200,"column":null}},"type":"if","locations":[{"start":{"line":200,"column":6},"end":{"line":200,"column":null}},{"start":{},"end":{}}],"line":200},"25":{"loc":{"start":{"line":204,"column":23},"end":{"line":204,"column":null}},"type":"cond-expr","locations":[{"start":{"line":204,"column":33},"end":{"line":204,"column":55}},{"start":{"line":204,"column":55},"end":{"line":204,"column":null}}],"line":204},"26":{"loc":{"start":{"line":207,"column":8},"end":{"line":207,"column":null}},"type":"if","locations":[{"start":{"line":207,"column":8},"end":{"line":207,"column":null}},{"start":{},"end":{}}],"line":207},"27":{"loc":{"start":{"line":208,"column":8},"end":{"line":212,"column":null}},"type":"if","locations":[{"start":{"line":208,"column":8},"end":{"line":212,"column":null}},{"start":{},"end":{}}],"line":208},"28":{"loc":{"start":{"line":213,"column":8},"end":{"line":213,"column":null}},"type":"cond-expr","locations":[{"start":{"line":213,"column":18},"end":{"line":213,"column":55}},{"start":{"line":213,"column":55},"end":{"line":213,"column":null}}],"line":213},"29":{"loc":{"start":{"line":217,"column":24},"end":{"line":217,"column":null}},"type":"cond-expr","locations":[{"start":{"line":217,"column":38},"end":{"line":217,"column":60}},{"start":{"line":217,"column":60},"end":{"line":217,"column":null}}],"line":217},"30":{"loc":{"start":{"line":218,"column":6},"end":{"line":218,"column":null}},"type":"cond-expr","locations":[{"start":{"line":218,"column":20},"end":{"line":218,"column":67}},{"start":{"line":218,"column":67},"end":{"line":218,"column":null}}],"line":218},"31":{"loc":{"start":{"line":223,"column":4},"end":{"line":226,"column":null}},"type":"if","locations":[{"start":{"line":223,"column":4},"end":{"line":226,"column":null}},{"start":{},"end":{}}],"line":223},"32":{"loc":{"start":{"line":223,"column":8},"end":{"line":223,"column":49}},"type":"binary-expr","locations":[{"start":{"line":223,"column":8},"end":{"line":223,"column":15}},{"start":{"line":223,"column":15},"end":{"line":223,"column":49}}],"line":223},"33":{"loc":{"start":{"line":260,"column":6},"end":{"line":260,"column":null}},"type":"if","locations":[{"start":{"line":260,"column":6},"end":{"line":260,"column":null}},{"start":{},"end":{}}],"line":260},"34":{"loc":{"start":{"line":262,"column":6},"end":{"line":265,"column":null}},"type":"if","locations":[{"start":{"line":262,"column":6},"end":{"line":265,"column":null}},{"start":{},"end":{}}],"line":262}},"s":{"0":9,"1":14,"2":6,"3":8,"4":2,"5":6,"6":1,"7":5,"8":1,"9":4,"10":1,"11":3,"12":2,"13":1,"14":0,"15":0,"16":0,"17":0,"18":0,"19":0,"20":0,"21":0,"22":0,"23":0,"24":0,"25":0,"26":0,"27":0,"28":0,"29":0,"30":0,"31":0,"32":0,"33":0,"34":0,"35":0,"36":0,"37":0,"38":0,"39":0,"40":0,"41":0,"42":0,"43":0,"44":0,"45":0,"46":0,"47":0,"48":0,"49":0,"50":0,"51":0,"52":0,"53":0,"54":0,"55":0,"56":0,"57":0,"58":0,"59":0,"60":0,"61":0,"62":0,"63":0,"64":0,"65":0,"66":0,"67":0,"68":0,"69":0,"70":0,"71":0,"72":0,"73":0,"74":0,"75":0,"76":0,"77":0,"78":0,"79":0,"80":0,"81":0,"82":0,"83":0,"84":0,"85":0,"86":0,"87":0,"88":0,"89":0,"90":0,"91":0,"92":0,"93":0,"94":0,"95":0,"96":0,"97":0,"98":0,"99":0,"100":0,"101":0,"102":0,"103":0,"104":0,"105":0,"106":0,"107":0,"108":0,"109":0,"110":0,"111":0,"112":0,"113":0,"114":0,"115":0,"116":0},"f":{"0":9,"1":14,"2":0,"3":0,"4":0,"5":0,"6":0,"7":0,"8":0,"9":0,"10":0,"11":0,"12":0,"13":0,"14":0,"15":0,"16":0,"17":0,"18":0},"b":{"0":[6,8],"1":[6,0],"2":[2,6],"3":[1,5],"4":[1,4],"5":[1,3],"6":[2,1],"7":[2,1],"8":[0,0],"9":[0,0],"10":[0,0],"11":[0,0],"12":[0,0],"13":[0,0],"14":[0,0],"15":[0,0],"16":[0,0],"17":[0,0],"18":[0,0],"19":[0,0],"20":[0,0,0],"21":[0,0],"22":[0,0,0],"23":[0,0],"24":[0,0],"25":[0,0],"26":[0,0],"27":[0,0],"28":[0,0],"29":[0,0],"30":[0,0],"31":[0,0],"32":[0,0],"33":[0,0],"34":[0,0]},"meta":{"lastBranch":35,"lastFunction":19,"lastStatement":117,"seen":{"f:61:16:61:28":0,"s:62:2:73:Infinity":0,"f:63:9:63:10":1,"b:64:6:64:Infinity:undefined:undefined:undefined:undefined":0,"s:64:6:64:Infinity":1,"s:64:31:64:Infinity":2,"b:64:38:64:55:64:55:64:Infinity":1,"b:65:6:65:Infinity:undefined:undefined:undefined:undefined":2,"s:65:6:65:Infinity":3,"s:65:32:65:Infinity":4,"b:66:6:66:Infinity:undefined:undefined:undefined:undefined":3,"s:66:6:66:Infinity":5,"s:66:31:66:Infinity":6,"b:67:6:67:Infinity:undefined:undefined:undefined:undefined":4,"s:67:6:67:Infinity":7,"s:67:33:67:Infinity":8,"b:68:6:68:Infinity:undefined:undefined:undefined:undefined":5,"s:68:6:68:Infinity":9,"s:68:32:68:Infinity":10,"b:69:6:69:Infinity:undefined:undefined:undefined:undefined":6,"s:69:6:69:Infinity":11,"s:69:29:69:Infinity":12,"b:69:40:69:55:69:55:69:57":7,"s:70:6:70:Infinity":13,"f:78:16:78:Infinity":2,"s:82:29:82:Infinity":14,"s:83:61:83:Infinity":15,"s:84:57:84:Infinity":16,"s:85:16:85:Infinity":17,"s:86:20:86:Infinity":18,"s:87:19:87:Infinity":19,"s:88:26:88:Infinity":20,"s:89:22:89:Infinity":21,"f:91:11:91:34":3,"s:92:17:92:Infinity":22,"s:93:19:93:Infinity":23,"s:94:4:94:Infinity":24,"s:97:58:97:Infinity":25,"f:99:11:99:23":4,"s:100:4:100:Infinity":26,"s:101:4:111:Infinity":27,"f:101:28:101:34":5,"b:102:6:110:Infinity:undefined:undefined:undefined:undefined":8,"s:102:6:110:Infinity":28,"s:103:8:109:Infinity":29,"s:104:10:104:Infinity":30,"s:105:10:108:Infinity":31,"f:105:35:105:41":6,"s:106:12:106:Infinity":32,"s:107:12:107:Infinity":33,"f:114:11:114:22":7,"b:115:4:115:Infinity:undefined:undefined:undefined:undefined":9,"s:115:4:115:Infinity":34,"s:115:21:115:47":35,"s:115:47:115:65":36,"b:116:4:116:Infinity:undefined:undefined:undefined:undefined":10,"s:116:4:116:Infinity":37,"s:116:23:116:50":38,"s:116:50:116:70":39,"f:119:11:119:21":8,"b:120:4:120:Infinity:undefined:undefined:undefined:undefined":11,"s:120:4:120:Infinity":40,"s:120:18:120:Infinity":41,"s:122:4:122:Infinity":42,"s:124:4:128:Infinity":43,"s:130:4:134:Infinity":44,"f:130:18:130:24":9,"s:131:6:131:Infinity":45,"s:132:6:132:Infinity":46,"s:133:6:133:Infinity":47,"s:136:4:153:Infinity":48,"f:136:21:136:28":10,"s:137:6:152:Infinity":49,"s:138:21:138:Infinity":50,"b:141:8:144:Infinity:undefined:undefined:undefined:undefined":12,"s:141:8:144:Infinity":51,"s:142:10:142:Infinity":52,"s:143:10:143:Infinity":53,"b:147:8:149:Infinity:undefined:undefined:undefined:undefined":13,"s:147:8:149:Infinity":54,"b:147:12:147:35:147:35:147:65":14,"s:148:10:148:Infinity":55,"s:151:8:151:Infinity":56,"s:155:4:164:Infinity":57,"f:155:19:155:20":11,"s:156:6:156:Infinity":58,"s:157:6:157:Infinity":59,"b:158:6:163:Infinity:undefined:undefined:undefined:undefined":15,"s:158:6:163:Infinity":60,"s:159:8:159:Infinity":61,"s:160:22:160:Infinity":62,"s:161:8:161:Infinity":63,"s:162:8:162:Infinity":64,"s:166:4:168:Infinity":65,"f:166:19:166:20":12,"s:167:6:167:Infinity":66,"s:169:4:172:Infinity":67,"f:169:18:169:24":13,"b:170:6:170:Infinity:undefined:undefined:undefined:undefined":16,"s:170:6:170:Infinity":68,"s:170:25:170:52":69,"s:170:52:170:72":70,"s:171:6:171:Infinity":71,"f:175:17:175:31":14,"b:177:4:177:Infinity:undefined:undefined:undefined:undefined":17,"s:177:4:177:Infinity":72,"s:177:39:177:Infinity":73,"b:180:4:180:Infinity:undefined:undefined:undefined:undefined":18,"s:180:4:180:Infinity":74,"s:180:49:180:Infinity":75,"s:182:17:182:Infinity":76,"b:183:4:183:Infinity:undefined:undefined:undefined:undefined":19,"s:183:4:183:Infinity":77,"s:183:15:183:Infinity":78,"s:185:27:191:Infinity":79,"b:186:21:186:46:186:46:186:63:186:63:186:65":20,"b:187:32:187:57:187:57:187:Infinity":21,"b:189:18:189:44:189:44:189:66:189:66:189:Infinity":22,"s:193:4:195:Infinity":80,"b:194:26:194:33:194:33:194:37":23,"s:197:4:219:Infinity":81,"s:198:22:198:Infinity":82,"b:200:6:200:Infinity:undefined:undefined:undefined:undefined":24,"s:200:6:200:Infinity":83,"s:200:32:200:Infinity":84,"s:203:22:203:Infinity":85,"s:204:23:204:Infinity":86,"b:204:33:204:55:204:55:204:Infinity":25,"s:206:6:214:Infinity":87,"s:206:19:206:22":88,"b:207:8:207:Infinity:undefined:undefined:undefined:undefined":26,"s:207:8:207:Infinity":89,"s:207:25:207:Infinity":90,"b:208:8:212:Infinity:undefined:undefined:undefined:undefined":27,"s:208:8:212:Infinity":91,"s:210:24:210:Infinity":92,"s:211:10:211:Infinity":93,"s:213:8:213:Infinity":94,"b:213:18:213:55:213:55:213:Infinity":28,"s:216:6:216:Infinity":95,"s:217:24:217:Infinity":96,"b:217:38:217:60:217:60:217:Infinity":29,"s:218:6:218:Infinity":97,"b:218:20:218:67:218:67:218:Infinity":30,"f:222:11:222:16":15,"b:223:4:226:Infinity:undefined:undefined:undefined:undefined":31,"s:223:4:226:Infinity":98,"b:223:8:223:15:223:15:223:49":32,"s:224:6:224:Infinity":99,"s:225:6:225:Infinity":100,"s:228:17:228:Infinity":101,"s:229:4:235:Infinity":102,"f:238:11:238:26":16,"s:239:4:242:Infinity":103,"s:243:4:243:Infinity":104,"f:246:11:246:24":17,"s:247:4:250:Infinity":105,"s:251:4:251:Infinity":106,"s:255:2:255:Infinity":107,"s:257:2:268:Infinity":108,"f:258:10:258:16":18,"s:259:6:259:Infinity":109,"b:260:6:260:Infinity:undefined:undefined:undefined:undefined":33,"s:260:6:260:Infinity":110,"s:260:26:260:Infinity":111,"s:261:6:261:Infinity":112,"b:262:6:265:Infinity:undefined:undefined:undefined:undefined":34,"s:262:6:265:Infinity":113,"s:263:8:263:Infinity":114,"s:264:8:264:Infinity":115,"s:266:6:266:Infinity":116},"fnNames":{}}}
,"C:\\Users\\DreamNight\\Documents\\01My\\github-audit\\repos\\ai-companion\\src\\shared\\ipc-schemas.ts": {"path":"C:\\Users\\DreamNight\\Documents\\01My\\github-audit\\repos\\ai-companion\\src\\shared\\ipc-schemas.ts","statementMap":{"0":{"start":{"line":6,"column":24},"end":{"line":6,"column":null}},"1":{"start":{"line":7,"column":22},"end":{"line":7,"column":null}},"2":{"start":{"line":8,"column":22},"end":{"line":8,"column":null}},"3":{"start":{"line":9,"column":33},"end":{"line":9,"column":null}},"4":{"start":{"line":10,"column":33},"end":{"line":10,"column":null}},"5":{"start":{"line":12,"column":30},"end":{"line":22,"column":null}},"6":{"start":{"line":24,"column":30},"end":{"line":27,"column":null}},"7":{"start":{"line":29,"column":34},"end":{"line":34,"column":null}},"8":{"start":{"line":37,"column":29},"end":{"line":61,"column":null}},"9":{"start":{"line":64,"column":33},"end":{"line":66,"column":null}},"10":{"start":{"line":69,"column":34},"end":{"line":77,"column":null}},"11":{"start":{"line":75,"column":12},"end":{"line":75,"column":null}},"12":{"start":{"line":80,"column":35},"end":{"line":80,"column":null}},"13":{"start":{"line":83,"column":32},"end":{"line":86,"column":null}},"14":{"start":{"line":89,"column":28},"end":{"line":95,"column":null}},"15":{"start":{"line":98,"column":30},"end":{"line":103,"column":null}},"16":{"start":{"line":106,"column":28},"end":{"line":108,"column":null}},"17":{"start":{"line":111,"column":33},"end":{"line":116,"column":null}},"18":{"start":{"line":118,"column":38},"end":{"line":120,"column":null}}},"fnMap":{"0":{"name":"(anonymous_0)","decl":{"start":{"line":75,"column":2},"end":{"line":75,"column":3}},"loc":{"start":{"line":75,"column":12},"end":{"line":75,"column":null}},"line":75}},"branchMap":{},"s":{"0":1,"1":1,"2":1,"3":1,"4":1,"5":1,"6":1,"7":1,"8":1,"9":1,"10":1,"11":5,"12":1,"13":1,"14":1,"15":1,"16":1,"17":1,"18":1},"f":{"0":5},"b":{},"meta":{"lastBranch":0,"lastFunction":1,"lastStatement":19,"seen":{"s:6:24:6:Infinity":0,"s:7:22:7:Infinity":1,"s:8:22:8:Infinity":2,"s:9:33:9:Infinity":3,"s:10:33:10:Infinity":4,"s:12:30:22:Infinity":5,"s:24:30:27:Infinity":6,"s:29:34:34:Infinity":7,"s:37:29:61:Infinity":8,"s:64:33:66:Infinity":9,"s:69:34:77:Infinity":10,"f:75:2:75:3":0,"s:75:12:75:Infinity":11,"s:80:35:80:Infinity":12,"s:83:32:86:Infinity":13,"s:89:28:95:Infinity":14,"s:98:30:103:Infinity":15,"s:106:28:108:Infinity":16,"s:111:33:116:Infinity":17,"s:118:38:120:Infinity":18},"fnNames":{}}}
}
